<?xml version="1.0" encoding="UTF-8"?>
<!-- Generated by org.testng.reporters.JUnitReportReporter -->
<testsuite hostname="QMC104" name="TestScript.TcLogin" tests="2" failures="0" timestamp="16 Jun 2017 11:30:01 GMT" time="92.862" errors="0">
  <testcase name="Verify_LoggedIn_User" time="48.621" classname="TestScript.TcLogin"/>
  <testcase name="Verify_Login_process" time="44.241" classname="TestScript.TcLogin"/>
</testsuite> <!-- TestScript.TcLogin -->
