<?xml version="1.0" encoding="UTF-8"?>
<!-- Generated by org.testng.reporters.JUnitReportReporter -->
<testsuite hostname="QMC104" name="TestScript.TcLogin" tests="3" failures="0" timestamp="22 Jun 2017 11:52:40 GMT" time="155.141" errors="0">
  <testcase name="Verify_Login_process" time="49.860" classname="TestScript.TcLogin"/>
  <testcase name="Verify_LoggedIn_User_with_Invalid_Username" time="50.038" classname="TestScript.TcLogin"/>
  <testcase name="Verify_LoggedIn_User" time="55.243" classname="TestScript.TcLogin"/>
</testsuite> <!-- TestScript.TcLogin -->
